{"name": "test_get_dating_add[chrome]", "status": "broken", "statusDetails": {"message": "selenium.common.exceptions.TimeoutException: Message:", "trace": "self = <Tests.test_home_page.Test_Homepage object at 0x000001F3A370A850>\n\n    def test_get_dating_add(self):\n        self.homePage = HomePage(self.driver)\n        self.homePage.get_Dates_Add()\n>       self.homePage.get_Dating_Add()\n\ntest_home_page.py:45: \n_ _ _ _ _ _ _ _ _ _ _ _ _ _ _ _ _ _ _ _ _ _ _ _ _ _ _ _ _ _ _ _ _ _ _ _ _ _ _ _ _ _ _ _ _ _ _ _ _ _ _ _ _ _ _ _ _ _ _ _ _ _ _ _ _ _ _ _ _ _ _ _ _ _ _ _ _ _ _ _ _ _ _ \n..\\Pages\\HomePage.py:53: in get_Dating_Add\n    self.is_visible(self.DATING_AD)\n..\\Pages\\BasePage.py:24: in is_visible\n    element = WebDriverWait(self.driver, 10).until(EC.visibility_of_element_located(by_locator))\n_ _ _ _ _ _ _ _ _ _ _ _ _ _ _ _ _ _ _ _ _ _ _ _ _ _ _ _ _ _ _ _ _ _ _ _ _ _ _ _ _ _ _ _ _ _ _ _ _ _ _ _ _ _ _ _ _ _ _ _ _ _ _ _ _ _ _ _ _ _ _ _ _ _ _ _ _ _ _ _ _ _ _ \n\nself = <selenium.webdriver.support.wait.WebDriverWait (session=\"be93ee3090adbda0cf3788d614298902\")>\nmethod = <function visibility_of_element_located.<locals>._predicate at 0x000001F3A3768F40>, message = ''\n\n    def until(self, method, message: str = \"\"):\n        \"\"\"Calls the method provided with the driver as an argument until the \\\n        return value does not evaluate to ``False``.\n    \n        :param method: callable(WebDriver)\n        :param message: optional message for :exc:`TimeoutException`\n        :returns: the result of the last call to `method`\n        :raises: :exc:`selenium.common.exceptions.TimeoutException` if timeout occurs\n        \"\"\"\n        screen = None\n        stacktrace = None\n    \n        end_time = time.monotonic() + self._timeout\n        while True:\n            try:\n                value = method(self._driver)\n                if value:\n                    return value\n            except self._ignored_exceptions as exc:\n                screen = getattr(exc, \"screen\", None)\n                stacktrace = getattr(exc, \"stacktrace\", None)\n            time.sleep(self._poll)\n            if time.monotonic() > end_time:\n                break\n>       raise TimeoutException(message, screen, stacktrace)\nE       selenium.common.exceptions.TimeoutException: Message:\n\n..\\venv\\Lib\\site-packages\\selenium\\webdriver\\support\\wait.py:95: TimeoutException"}, "parameters": [{"name": "init_driver", "value": "'chrome'"}], "start": 1694947111471, "stop": 1694947122407, "uuid": "7c356b81-4cee-479f-8747-a6c7054c78e8", "historyId": "1f9a7638d4ab36fa8d54e509f67d5ec6", "testCaseId": "ca2d6266b152d2984d9d1dd104fa92e9", "fullName": "test_home_page.Test_Homepage#test_get_dating_add", "labels": [{"name": "tag", "value": "@pytest.mark.usefixtures('init_driver')"}, {"name": "suite", "value": "test_home_page"}, {"name": "subSuite", "value": "Test_Homepage"}, {"name": "host", "value": "chainani"}, {"name": "thread", "value": "7480-MainThread"}, {"name": "framework", "value": "pytest"}, {"name": "language", "value": "cpython3"}, {"name": "package", "value": "test_home_page"}]}