{"name": "test_get_login_button_click[chrome]", "status": "broken", "statusDetails": {"message": "selenium.common.exceptions.TimeoutException: Message:", "trace": "self = <Tests.test_home_page.Test_Homepage object at 0x0000023690600BD0>\n\n    def test_get_login_button_click(self):\n        self.homePage = HomePage(self.driver)\n        time.sleep(5)\n>       self.homePage.click_Login()\n\ntest_home_page.py:25: \n_ _ _ _ _ _ _ _ _ _ _ _ _ _ _ _ _ _ _ _ _ _ _ _ _ _ _ _ _ _ _ _ _ _ _ _ _ _ _ _ _ _ _ _ _ _ _ _ _ _ _ _ _ _ _ _ _ _ _ _ _ _ _ _ _ _ _ _ _ _ _ _ _ _ _ _ _ _ _ _ _ _ _ \n..\\Pages\\HomePage.py:24: in click_Login\n    self.do_click(self.LOGIN_BUTTON)\n..\\Pages\\BasePage.py:14: in do_click\n    WebDriverWait(self.driver, 10).until(EC.visibility_of_element_located(by_locator)).click()\n_ _ _ _ _ _ _ _ _ _ _ _ _ _ _ _ _ _ _ _ _ _ _ _ _ _ _ _ _ _ _ _ _ _ _ _ _ _ _ _ _ _ _ _ _ _ _ _ _ _ _ _ _ _ _ _ _ _ _ _ _ _ _ _ _ _ _ _ _ _ _ _ _ _ _ _ _ _ _ _ _ _ _ \n\nself = <selenium.webdriver.support.wait.WebDriverWait (session=\"a1a24c9191b7cd85d0f7b8e21b5b845d\")>\nmethod = <function visibility_of_element_located.<locals>._predicate at 0x0000023690755440>, message = ''\n\n    def until(self, method, message: str = \"\"):\n        \"\"\"Calls the method provided with the driver as an argument until the \\\n        return value does not evaluate to ``False``.\n    \n        :param method: callable(WebDriver)\n        :param message: optional message for :exc:`TimeoutException`\n        :returns: the result of the last call to `method`\n        :raises: :exc:`selenium.common.exceptions.TimeoutException` if timeout occurs\n        \"\"\"\n        screen = None\n        stacktrace = None\n    \n        end_time = time.monotonic() + self._timeout\n        while True:\n            try:\n                value = method(self._driver)\n                if value:\n                    return value\n            except self._ignored_exceptions as exc:\n                screen = getattr(exc, \"screen\", None)\n                stacktrace = getattr(exc, \"stacktrace\", None)\n            time.sleep(self._poll)\n            if time.monotonic() > end_time:\n                break\n>       raise TimeoutException(message, screen, stacktrace)\nE       selenium.common.exceptions.TimeoutException: Message:\n\n..\\venv\\Lib\\site-packages\\selenium\\webdriver\\support\\wait.py:95: TimeoutException"}, "parameters": [{"name": "init_driver", "value": "'chrome'"}], "start": 1694879674724, "stop": 1694879690247, "uuid": "b95c6976-992d-4259-a414-344ed03ffdb5", "historyId": "8fb635a50eabe189f14ae720fe8ae2fe", "testCaseId": "ac3059c50030bd605c125edee8f295aa", "fullName": "test_home_page.Test_Homepage#test_get_login_button_click", "labels": [{"name": "tag", "value": "@pytest.mark.usefixtures('init_driver')"}, {"name": "suite", "value": "test_home_page"}, {"name": "subSuite", "value": "Test_Homepage"}, {"name": "host", "value": "chainani"}, {"name": "thread", "value": "13980-MainThread"}, {"name": "framework", "value": "pytest"}, {"name": "language", "value": "cpython3"}, {"name": "package", "value": "test_home_page"}]}